9 - 1
7 - 2
8 - 3
7 - 4
8 - 5
8 - 6
8 - 7
8 - 8
7 - 9
8 - 10
7 - 20
8 - 30
8 - 40
8 - 50
7 - 60
7 - 70
7 - 80
8 - 90
8 - 100
9 - 200
9 - 300
9 - 400
9 - 500
9 - 600
9 - 700
9 - 800
9 - 900
8 - 1000
8 - 2000
9 - 3000
9 - 4000
9 - 5000
9 - 6000
9 - 7000
9 - 8000
9 - 9000
9 - 10000
14 - 20000
14 - 30000
15 - 40000
15 - 50000
14 - 60000
13 - 70000
13 - 80000
13 - 90000
13 - 100000
14 - 200000
17 - 300000
30 - 400000
42 - 500000
85 - 600000
94 - 700000
55 - 800000
64 - 900000
64 - 1000000
53 - 2000000
53 - 3000000
68 - 4000000
84 - 5000000
90 - 6000000
99 - 7000000
102 - 8000000
105 - 9000000
